-1	180064
-10	14985
-100	168
-101	155
-102	141
-103	155
-104	144
-105	148
-106	142
-107	107
-108	117
-109	142
-11	12986
-110	107
-1107	1
-111	114
-112	111
-1120	1
-113	121
-114	105
-115	110
-1153	1
-116	87
-117	100
-118	84
-119	106
-12	11587
-120	95
-121	78
-122	97
-123	76
-124	73
-125	75
-126	81
-127	71
-1276	1
-128	60
-1283	1
-129	68
-13	10471
-130	63
-1304	1
-131	61
-132	74
-133	54
-134	68
-135	64
-1350	1
-1354	1
-136	69
-137	50
-138	53
-139	61
-14	9409
-140	61
-141	54
-142	45
-143	50
-144	49
-145	44
-146	43
-147	47
-148	34
-149	43
-15	8466
-150	33
-151	36
-152	46
-153	33
-154	41
-155	29
-156	37
-157	41
-158	32
-159	29
-16	7723
-160	38
-161	34
-162	24
-163	33
-164	27
-165	32
-166	27
-167	22
-168	34
-169	32
-17	7170
-170	31
-171	26
-172	25
-173	21
-174	20
-175	24
-176	27
-177	15
-178	21
-179	27
-18	6559
-180	12
-181	21
-182	21
-183	16
-184	24
-185	22
-186	16
-187	14
-188	13
-189	13
-19	6001
-190	17
-191	15
-192	18
-193	13
-194	9
-195	17
-196	10
-197	11
-198	15
-199	15
-2	100097
-20	5522
-200	14
-2001	1
-201	11
-202	13
-203	7
-204	7
-205	13
-206	12
-207	5
-208	3
-209	10
-21	5185
-210	14
-211	8
-212	12
-213	5
-214	7
-215	13
-216	5
-217	10
-218	15
-219	11
-22	4797
-220	9
-221	11
-222	7
-223	8
-224	8
-225	8
-226	7
-227	5
-228	8
-229	8
-23	4537
-230	8
-231	6
-232	6
-233	9
-234	9
-235	3
-236	7
-237	6
-238	8
-239	10
-24	4024
-240	5
-241	6
-242	8
-243	4
-244	5
-245	6
-246	5
-247	7
-248	4
-249	7
-25	4010
-250	5
-251	6
-252	2
-253	7
-254	3
-255	5
-256	6
-257	6
-258	6
-259	3
-26	3616
-261	2
-262	10
-263	5
-264	1
-265	5
-266	4
-267	9
-268	6
-269	2
-27	3424
-270	6
-271	2
-272	4
-273	2
-274	4
-275	3
-276	3
-277	4
-278	3
-279	2
-28	3220
-280	3
-281	4
-282	3
-283	3
-284	2
-285	3
-286	5
-287	4
-288	2
-289	2
-29	3090
-290	3
-291	4
-292	1
-293	4
-294	5
-295	2
-297	5
-298	3
-299	1
-3	65687
-30	2875
-300	2
-301	1
-302	2
-303	3
-304	2
-305	1
-306	3
-307	4
-308	3
-31	2812
-310	2
-311	3
-312	3
-313	2
-314	1
-315	2
-316	1
-317	3
-319	2
-32	2572
-321	2
-323	2
-324	1
-325	2
-326	4
-327	3
-329	1
-33	2554
-330	3
-332	1
-333	2
-335	5
-336	3
-339	1
-34	2236
-341	2
-342	1
-343	2
-344	3
-345	3
-346	1
-347	2
-348	2
-349	3
-35	2282
-351	1
-352	2
-354	1
-355	1
-357	1
-358	1
-359	1
-36	2102
-363	3
-366	2
-368	2
-369	1
-37	1934
-372	1
-373	3
-374	2
-375	1
-376	1
-377	2
-378	1
-379	1
-38	1878
-381	2
-382	2
-383	2
-385	1
-386	2
-388	2
-389	1
-39	1767
-391	1
-393	1
-394	2
-395	1
-396	2
-398	1
-399	3
-4	47602
-40	1641
-402	2
-41	1623
-411	1
-413	1
-415	1
-416	1
-42	1492
-420	1
-421	1
-422	1
-425	1
-426	1
-429	2
-43	1479
-431	2
-433	1
-434	2
-438	2
-439	1
-44	1413
-441	1
-442	4
-444	1
-447	1
-449	1
-45	1344
-452	2
-456	1
-457	1
-46	1292
-460	1
-461	2
-468	1
-469	1
-47	1159
-48	1171
-481	1
-482	1
-49	1092
-5	36405
-50	1035
-509	1
-51	986
-511	1
-518	1
-52	930
-522	1
-53	961
-536	1
-54	906
-55	846
-553	1
-554	1
-56	767
-57	773
-575	1
-58	740
-581	1
-582	1
-586	1
-59	761
-591	1
-592	1
-595	1
-6	29163
-60	661
-61	663
-614	1
-616	2
-617	1
-62	658
-627	1
-63	611
-632	1
-64	542
-65	558
-652	1
-655	1
-656	1
-66	540
-666	1
-669	1
-67	528
-68	494
-681	1
-69	453
-692	1
-6948	1
-7	23984
-70	494
-703	1
-71	431
-719	1
-72	404
-721	1
-73	429
-732	1
-74	404
-75	376
-76	396
-769	1
-77	341
-78	322
-789	1
-79	338
-8	20084
-80	352
-81	283
-82	313
-821	1
-83	266
-84	287
-85	274
-86	250
-87	266
-88	213
-89	245
-9	17113
-90	235
-91	220
-92	224
-93	200
-94	214
-95	184
-96	205
-97	178
-977	1
-98	192
-99	172
0	139410
1	153444
10	20009
100	111
101	121
102	93
103	130
104	93
105	115
106	100
107	79
108	83
109	88
11	17159
110	85
111	76
112	61
113	82
114	101
115	68
116	87
117	72
118	76
119	64
12	15051
120	60
121	50
122	69
123	55
124	57
125	58
126	55
127	57
128	62
129	49
13	13105
130	62
131	58
132	46
133	42
134	49
135	42
136	43
137	41
138	44
139	51
14	11562
140	46
141	33
142	44
143	45
144	26
145	46
146	39
147	32
148	30
149	39
15	9983
150	25
151	32
152	31
153	42
154	17
155	33
156	27
157	29
158	30
159	28
16	8964
160	36
161	21
162	30
163	33
164	24
1643	1
165	33
166	13
167	26
168	23
169	27
17	8042
170	24
171	26
172	28
173	25
174	23
175	27
176	19
177	21
178	13
179	15
18	7249
180	15
181	20
182	20
183	15
184	15
185	16
186	16
187	17
188	18
189	15
19	6543
190	11
191	17
192	16
193	20
194	19
195	19
196	9
197	14
198	12
199	14
2	101336
20	5901
200	11
201	15
202	11
203	13
204	10
205	6
206	14
207	13
208	12
209	11
21	5507
210	16
211	16
212	8
213	15
214	10
215	7
216	11
217	11
218	10
219	10
22	4884
220	4
221	5
222	4
223	12
224	11
225	9
226	8
227	9
228	9
229	4
23	4532
230	15
2300	1
2308	1
231	9
232	13
233	8
234	12
235	8
236	11
237	10
238	6
239	10
24	4115
240	5
241	8
242	9
243	11
244	7
245	6
246	9
247	9
248	8
249	7
25	3901
250	7
251	7
252	10
253	8
254	10
255	8
256	6
257	4
258	6
259	5
26	3423
260	4
261	6
262	9
263	5
264	8
265	5
266	5
267	5
268	2
269	4
27	3308
270	4
271	8
272	7
273	7
274	9
275	5
276	8
277	3
278	7
279	5
28	2945
280	6
281	3
282	3
283	4
284	2
285	6
286	7
287	7
288	3
289	7
29	2786
290	2
291	5
292	3
293	4
294	6
295	4
296	3
297	5
298	7
299	2
3	75837
30	2564
300	5
301	4
302	6
303	4
304	4
305	5
306	6
307	6
308	4
309	1
31	2414
310	6
311	5
312	4
313	6
314	3
315	5
316	2
317	5
318	5
319	4
32	2242
320	2
321	3
322	3
323	5
324	1
325	6
326	6
327	3
328	4
329	2
33	2108
330	4
331	3
332	3
333	5
334	3
335	1
336	2
337	3
338	2
339	4
34	1965
340	1
341	2
343	2
344	3
345	4
346	5
348	2
349	2
35	1818
350	2
351	6
352	3
353	3
354	2
355	3
356	3
357	2
358	4
359	4
36	1775
360	1
361	2
362	3
363	3
364	1
365	1
367	2
368	1
369	2
37	1524
370	1
371	3
372	1
373	2
375	2
376	4
377	2
378	4
379	3
38	1512
380	1
381	4
383	1
387	2
388	1
389	2
39	1402
390	3
391	1
392	5
393	3
394	3
395	1
396	1
397	2
398	2
4	59032
40	1359
400	2
401	4
402	2
403	3
404	1
405	3
406	2
407	2
408	1
41	1236
410	2
411	4
413	2
414	4
415	2
417	1
419	2
42	1179
420	4
422	3
423	1
424	3
425	3
426	2
427	1
428	1
429	1
43	1131
430	2
431	3
432	3
433	1
435	1
437	2
439	1
44	1046
440	3
441	1
442	1
443	1
444	2
445	2
446	2
447	1
448	2
449	2
45	1064
450	1
451	1
452	2
453	1
454	1
455	2
458	2
459	2
46	983
460	3
463	1
464	3
465	1
466	1
467	1
468	1
469	2
47	875
470	1
471	3
472	3
473	1
474	1
476	1
477	2
478	1
48	812
482	1
484	2
486	1
488	1
49	787
490	2
491	1
492	1
493	1
494	1
496	3
497	2
498	1
5	47821
50	767
501	2
504	1
505	1
506	2
507	1
508	1
51	733
510	1
511	2
512	1
513	1
515	1
517	1
519	3
52	646
520	1
521	1
522	1
523	1
525	1
526	1
528	1
53	702
530	1
531	1
534	2
535	1
537	2
538	2
539	1
54	644
540	2
543	1
544	1
545	1
547	1
548	1
55	595
550	1
551	1
552	2
553	2
554	2
555	2
559	1
56	592
561	1
562	1
563	1
566	1
567	1
57	551
570	1
573	1
574	2
576	1
5763	1
577	1
578	1
58	505
581	1
582	1
585	1
59	479
591	1
592	1
596	1
597	1
6	38762
60	468
601	2
603	2
605	2
606	2
607	1
609	2
61	444
610	1
611	1
615	1
62	407
620	1
621	1
622	1
626	2
63	418
631	1
633	1
64	404
640	1
644	1
65	371
654	1
655	2
656	3
658	1
66	371
661	1
664	1
67	351
671	1
672	1
673	1
674	2
677	3
68	347
684	1
686	1
689	1
69	381
690	1
691	1
694	1
695	1
696	1
697	1
698	1
7	32466
70	325
700	1
702	2
704	1
706	2
707	1
709	1
71	298
710	1
715	1
717	1
719	1
72	284
721	1
728	2
729	1
73	302
730	1
735	1
74	287
740	2
741	1
742	1
749	2
75	255
751	1
753	2
758	1
76	245
761	1
77	204
773	1
778	1
78	225
781	1
785	2
789	1
79	225
799	1
8	27318
80	202
802	1
809	1
81	211
811	1
812	1
82	198
821	1
822	2
824	1
825	1
826	2
827	1
83	189
835	1
838	1
839	1
84	180
842	1
844	1
845	1
849	1
85	214
850	2
851	1
853	1
856	1
859	1
86	190
863	2
87	210
871	1
876	1
88	173
880	1
89	145
891	2
894	1
895	1
897	1
898	1
899	1
9	23372
90	148
900	1
905	1
907	1
908	1
91	205
911	1
912	1
917	1
918	1
92	195
928	1
929	2
93	182
934	1
937	2
939	1
94	164
948	1
949	1
95	185
956	1
96	165
960	1
968	1
97	138
973	1
978	1
98	117
988	1
99	119
